# JRE version: OpenJDK Runtime Environment (11.0.12+7) (build 11.0.12+7-b1504.28-7817840)
# Java VM: OpenJDK 64-Bit Server VM (11.0.12+7-b1504.28-7817840, mixed mode, tiered, compressed oops, g1 gc, windows-amd64)
Heap:
 garbage-first heap   total 692224K, used 290105K [0x0000000080000000, 0x0000000100000000)
  region size 1024K, 5 young (5120K), 5 survivors (5120K)
 Metaspace       used 209731K, capacity 215463K, committed 215928K, reserved 1239040K
  class space    used 24755K, capacity 26937K, committed 27032K, reserved 1048576K
GC Heap History (20 events):
Event: 3413.518 GC heap after
{Heap after GC invocations=217 (full 0):
 garbage-first heap   total 509952K, used 234022K [0x0000000080000000, 0x0000000100000000)
  region size 1024K, 9 young (9216K), 9 survivors (9216K)
 Metaspace       used 203365K, capacity 209016K, committed 209400K, reserved 1232896K
  class space    used 24066K, capacity 26197K, committed 26392K, reserved 1048576K
}
Event: 3413.697 GC heap before
{Heap before GC invocations=217 (full 0):
 garbage-first heap   total 509952K, used 248358K [0x0000000080000000, 0x0000000100000000)
  region size 1024K, 24 young (24576K), 9 survivors (9216K)
 Metaspace       used 203369K, capacity 209016K, committed 209400K, reserved 1232896K
  class space    used 24066K, capacity 26197K, committed 26392K, reserved 1048576K
}
Event: 3413.736 GC heap after
{Heap after GC invocations=218 (full 0):
 garbage-first heap   total 509952K, used 199188K [0x0000000080000000, 0x0000000100000000)
  region size 1024K, 2 young (2048K), 2 survivors (2048K)
 Metaspace       used 203369K, capacity 209016K, committed 209400K, reserved 1232896K
  class space    used 24066K, capacity 26197K, committed 26392K, reserved 1048576K
}
Event: 3415.590 GC heap before
{Heap before GC invocations=218 (full 0):
 garbage-first heap   total 509952K, used 253460K [0x0000000080000000, 0x0000000100000000)
  region size 1024K, 57 young (58368K), 2 survivors (2048K)
 Metaspace       used 203375K, capacity 209017K, committed 209400K, reserved 1232896K
  class space    used 24066K, capacity 26197K, committed 26392K, reserved 1048576K
}
Event: 3415.606 GC heap after
{Heap after GC invocations=219 (full 0):
 garbage-first heap   total 509952K, used 199639K [0x0000000080000000, 0x0000000100000000)
  region size 1024K, 3 young (3072K), 3 survivors (3072K)
 Metaspace       used 203375K, capacity 209017K, committed 209400K, reserved 1232896K
  class space    used 24066K, capacity 26197K, committed 26392K, reserved 1048576K
}
Event: 3416.981 GC heap before
{Heap before GC invocations=220 (full 0):
 garbage-first heap   total 509952K, used 326615K [0x0000000080000000, 0x0000000100000000)
  region size 1024K, 121 young (123904K), 3 survivors (3072K)
 Metaspace       used 206321K, capacity 212019K, committed 212344K, reserved 1234944K
  class space    used 24291K, capacity 26430K, committed 26520K, reserved 1048576K
}
Event: 3417.012 GC heap after
{Heap after GC invocations=221 (full 0):
 garbage-first heap   total 509952K, used 223379K [0x0000000080000000, 0x0000000100000000)
  region size 1024K, 16 young (16384K), 16 survivors (16384K)
 Metaspace       used 206321K, capacity 212019K, committed 212344K, reserved 1234944K
  class space    used 24291K, capacity 26430K, committed 26520K, reserved 1048576K
}
Event: 3417.041 GC heap before
{Heap before GC invocations=221 (full 0):
 garbage-first heap   total 509952K, used 230547K [0x0000000080000000, 0x0000000100000000)
  region size 1024K, 24 young (24576K), 16 survivors (16384K)
 Metaspace       used 206321K, capacity 212019K, committed 212344K, reserved 1234944K
  class space    used 24291K, capacity 26430K, committed 26520K, reserved 1048576K
}
Event: 3417.069 GC heap after
{Heap after GC invocations=222 (full 0):
 garbage-first heap   total 509952K, used 231168K [0x0000000080000000, 0x0000000100000000)
  region size 1024K, 3 young (3072K), 3 survivors (3072K)
 Metaspace       used 206321K, capacity 212019K, committed 212344K, reserved 1234944K
  class space    used 24291K, capacity 26430K, committed 26520K, reserved 1048576K
}
Event: 3417.463 GC heap before
{Heap before GC invocations=222 (full 0):
 garbage-first heap   total 509952K, used 290560K [0x0000000080000000, 0x0000000100000000)
  region size 1024K, 62 young (63488K), 3 survivors (3072K)
 Metaspace       used 208205K, capacity 213925K, committed 214264K, reserved 1236992K
  class space    used 24566K, capacity 26723K, committed 26904K, reserved 1048576K
}
Event: 3417.518 GC heap after
{Heap after GC invocations=223 (full 0):
 garbage-first heap   total 509952K, used 265216K [0x0000000080000000, 0x0000000100000000)
  region size 1024K, 14 young (14336K), 14 survivors (14336K)
 Metaspace       used 208205K, capacity 213925K, committed 214264K, reserved 1236992K
  class space    used 24566K, capacity 26723K, committed 26904K, reserved 1048576K
}
Event: 3418.317 GC heap before
{Heap before GC invocations=223 (full 0):
 garbage-first heap   total 509952K, used 354304K [0x0000000080000000, 0x0000000100000000)
  region size 1024K, 99 young (101376K), 14 survivors (14336K)
 Metaspace       used 209660K, capacity 215351K, committed 215672K, reserved 1239040K
  class space    used 24731K, capacity 26895K, committed 27032K, reserved 1048576K
}
Event: 3418.406 GC heap after
{Heap after GC invocations=224 (full 0):
 garbage-first heap   total 509952K, used 313856K [0x0000000080000000, 0x0000000100000000)
  region size 1024K, 13 young (13312K), 13 survivors (13312K)
 Metaspace       used 209660K, capacity 215351K, committed 215672K, reserved 1239040K
  class space    used 24731K, capacity 26895K, committed 27032K, reserved 1048576K
}
Event: 3418.711 GC heap before
{Heap before GC invocations=225 (full 0):
 garbage-first heap   total 509952K, used 372224K [0x0000000080000000, 0x0000000100000000)
  region size 1024K, 70 young (71680K), 13 survivors (13312K)
 Metaspace       used 209665K, capacity 215351K, committed 215672K, reserved 1239040K
  class space    used 24731K, capacity 26895K, committed 27032K, reserved 1048576K
}
Event: 3418.779 GC heap after
{Heap after GC invocations=226 (full 0):
 garbage-first heap   total 509952K, used 349696K [0x0000000080000000, 0x0000000100000000)
  region size 1024K, 9 young (9216K), 9 survivors (9216K)
 Metaspace       used 209665K, capacity 215351K, committed 215672K, reserved 1239040K
  class space    used 24731K, capacity 26895K, committed 27032K, reserved 1048576K
}
Event: 3418.809 GC heap before
{Heap before GC invocations=226 (full 0):
 garbage-first heap   total 509952K, used 365056K [0x0000000080000000, 0x0000000100000000)
  region size 1024K, 24 young (24576K), 9 survivors (9216K)
 Metaspace       used 209665K, capacity 215351K, committed 215672K, reserved 1239040K
  class space    used 24731K, capacity 26895K, committed 27032K, reserved 1048576K
}
Event: 3418.860 GC heap after
{Heap after GC invocations=227 (full 0):
 garbage-first heap   total 509952K, used 358400K [0x0000000080000000, 0x0000000100000000)
  region size 1024K, 3 young (3072K), 3 survivors (3072K)
 Metaspace       used 209665K, capacity 215351K, committed 215672K, reserved 1239040K
  class space    used 24731K, capacity 26895K, committed 27032K, reserved 1048576K
}
Event: 3419.075 GC heap before
{Heap before GC invocations=227 (full 0):
 garbage-first heap   total 509952K, used 395264K [0x0000000080000000, 0x0000000100000000)
  region size 1024K, 39 young (39936K), 3 survivors (3072K)
 Metaspace       used 209694K, capacity 215415K, committed 215672K, reserved 1239040K
  class space    used 24733K, capacity 26895K, committed 27032K, reserved 1048576K
}
Event: 3419.109 GC heap after
{Heap after GC invocations=228 (full 0):
 garbage-first heap   total 509952K, used 360380K [0x0000000080000000, 0x0000000100000000)
  region size 1024K, 3 young (3072K), 3 survivors (3072K)
 Metaspace       used 209694K, capacity 215415K, committed 215672K, reserved 1239040K
  class space    used 24733K, capacity 26895K, committed 27032K, reserved 1048576K
}
Event: 3605.052 GC heap before
{Heap before GC invocations=229 (full 0):
 garbage-first heap   total 509952K, used 342972K [0x0000000080000000, 0x0000000100000000)
  region size 1024K, 42 young (43008K), 3 survivors (3072K)
 Metaspace       used 209731K, capacity 215463K, committed 215928K, reserved 1239040K
  class space    used 24755K, capacity 26937K, committed 27032K, reserved 1048576K
}

