# JRE version: OpenJDK Runtime Environment (11.0.12+7) (build 11.0.12+7-b1504.28-7817840)
# Java VM: OpenJDK 64-Bit Server VM (11.0.12+7-b1504.28-7817840, mixed mode, tiered, compressed oops, g1 gc, windows-amd64)
Heap:
 garbage-first heap   total 244736K, used 103486K [0x0000000081400000, 0x0000000100000000)
  region size 1024K, 11 young (11264K), 7 survivors (7168K)
 Metaspace       used 88264K, capacity 89206K, committed 89300K, reserved 1128448K
  class space    used 9361K, capacity 9733K, committed 9764K, reserved 1048576K
GC Heap History (20 events):
Event: 4.442 GC heap before
{Heap before GC invocations=6 (full 0):
 garbage-first heap   total 131072K, used 77197K [0x0000000081400000, 0x0000000100000000)
  region size 1024K, 55 young (56320K), 2 survivors (2048K)
 Metaspace       used 45233K, capacity 45714K, committed 45824K, reserved 1089536K
  class space    used 5360K, capacity 5561K, committed 5632K, reserved 1048576K
}
Event: 4.463 GC heap after
{Heap after GC invocations=7 (full 0):
 garbage-first heap   total 159744K, used 26498K [0x0000000081400000, 0x0000000100000000)
  region size 1024K, 7 young (7168K), 7 survivors (7168K)
 Metaspace       used 45233K, capacity 45714K, committed 45824K, reserved 1089536K
  class space    used 5360K, capacity 5561K, committed 5632K, reserved 1048576K
}
Event: 5.996 GC heap before
{Heap before GC invocations=8 (full 0):
 garbage-first heap   total 159744K, used 100226K [0x0000000081400000, 0x0000000100000000)
  region size 1024K, 76 young (77824K), 7 survivors (7168K)
 Metaspace       used 53245K, capacity 53847K, committed 54144K, reserved 1097728K
  class space    used 6212K, capacity 6471K, committed 6528K, reserved 1048576K
}
Event: 6.022 GC heap after
{Heap after GC invocations=9 (full 0):
 garbage-first heap   total 159744K, used 35633K [0x0000000081400000, 0x0000000100000000)
  region size 1024K, 7 young (7168K), 7 survivors (7168K)
 Metaspace       used 53245K, capacity 53847K, committed 54144K, reserved 1097728K
  class space    used 6212K, capacity 6471K, committed 6528K, reserved 1048576K
}
Event: 8.646 GC heap before
{Heap before GC invocations=9 (full 0):
 garbage-first heap   total 159744K, used 107313K [0x0000000081400000, 0x0000000100000000)
  region size 1024K, 77 young (78848K), 7 survivors (7168K)
 Metaspace       used 59308K, capacity 60083K, committed 60160K, reserved 1101824K
  class space    used 6804K, capacity 7104K, committed 7168K, reserved 1048576K
}
Event: 8.686 GC heap after
{Heap after GC invocations=10 (full 0):
 garbage-first heap   total 159744K, used 48896K [0x0000000081400000, 0x0000000100000000)
  region size 1024K, 10 young (10240K), 10 survivors (10240K)
 Metaspace       used 59308K, capacity 60083K, committed 60160K, reserved 1101824K
  class space    used 6804K, capacity 7104K, committed 7168K, reserved 1048576K
}
Event: 10.534 GC heap before
{Heap before GC invocations=10 (full 0):
 garbage-first heap   total 159744K, used 113408K [0x0000000081400000, 0x0000000100000000)
  region size 1024K, 73 young (74752K), 10 survivors (10240K)
 Metaspace       used 64453K, capacity 65332K, committed 65408K, reserved 1107968K
  class space    used 7383K, capacity 7741K, committed 7808K, reserved 1048576K
}
Event: 10.574 GC heap after
{Heap after GC invocations=11 (full 0):
 garbage-first heap   total 159744K, used 56832K [0x0000000081400000, 0x0000000100000000)
  region size 1024K, 7 young (7168K), 7 survivors (7168K)
 Metaspace       used 64453K, capacity 65332K, committed 65408K, reserved 1107968K
  class space    used 7383K, capacity 7741K, committed 7808K, reserved 1048576K
}
Event: 13.285 GC heap before
{Heap before GC invocations=11 (full 0):
 garbage-first heap   total 159744K, used 118272K [0x0000000081400000, 0x0000000100000000)
  region size 1024K, 67 young (68608K), 7 survivors (7168K)
 Metaspace       used 68549K, capacity 69479K, committed 69760K, reserved 1112064K
  class space    used 7648K, capacity 8026K, committed 8064K, reserved 1048576K
}
Event: 13.315 GC heap after
{Heap after GC invocations=12 (full 0):
 garbage-first heap   total 203776K, used 63438K [0x0000000081400000, 0x0000000100000000)
  region size 1024K, 7 young (7168K), 7 survivors (7168K)
 Metaspace       used 68549K, capacity 69479K, committed 69760K, reserved 1112064K
  class space    used 7648K, capacity 8026K, committed 8064K, reserved 1048576K
}
Event: 16.017 GC heap before
{Heap before GC invocations=12 (full 0):
 garbage-first heap   total 203776K, used 141262K [0x0000000081400000, 0x0000000100000000)
  region size 1024K, 80 young (81920K), 7 survivors (7168K)
 Metaspace       used 70221K, capacity 71091K, committed 71296K, reserved 1112064K
  class space    used 7709K, capacity 8063K, committed 8064K, reserved 1048576K
}
Event: 16.059 GC heap after
{Heap after GC invocations=13 (full 0):
 garbage-first heap   total 203776K, used 75453K [0x0000000081400000, 0x0000000100000000)
  region size 1024K, 10 young (10240K), 10 survivors (10240K)
 Metaspace       used 70221K, capacity 71091K, committed 71296K, reserved 1112064K
  class space    used 7709K, capacity 8063K, committed 8064K, reserved 1048576K
}
Event: 18.753 GC heap before
{Heap before GC invocations=13 (full 0):
 garbage-first heap   total 203776K, used 149181K [0x0000000081400000, 0x0000000100000000)
  region size 1024K, 82 young (83968K), 10 survivors (10240K)
 Metaspace       used 71477K, capacity 72364K, committed 72448K, reserved 1114112K
  class space    used 7784K, capacity 8165K, committed 8192K, reserved 1048576K
}
Event: 18.788 GC heap after
{Heap after GC invocations=14 (full 0):
 garbage-first heap   total 203776K, used 84873K [0x0000000081400000, 0x0000000100000000)
  region size 1024K, 9 young (9216K), 9 survivors (9216K)
 Metaspace       used 71477K, capacity 72364K, committed 72448K, reserved 1114112K
  class space    used 7784K, capacity 8165K, committed 8192K, reserved 1048576K
}
Event: 19.866 GC heap before
{Heap before GC invocations=14 (full 0):
 garbage-first heap   total 203776K, used 124809K [0x0000000081400000, 0x0000000100000000)
  region size 1024K, 49 young (50176K), 9 survivors (9216K)
 Metaspace       used 75433K, capacity 76301K, committed 76376K, reserved 1118208K
  class space    used 8127K, capacity 8481K, committed 8536K, reserved 1048576K
}
Event: 19.887 GC heap after
{Heap after GC invocations=15 (full 0):
 garbage-first heap   total 203776K, used 86742K [0x0000000081400000, 0x0000000100000000)
  region size 1024K, 2 young (2048K), 2 survivors (2048K)
 Metaspace       used 75433K, capacity 76301K, committed 76376K, reserved 1118208K
  class space    used 8127K, capacity 8481K, committed 8536K, reserved 1048576K
}
Event: 22.212 GC heap before
{Heap before GC invocations=16 (full 0):
 garbage-first heap   total 203776K, used 156374K [0x0000000081400000, 0x0000000100000000)
  region size 1024K, 70 young (71680K), 2 survivors (2048K)
 Metaspace       used 84459K, capacity 85445K, committed 85716K, reserved 1126400K
  class space    used 9108K, capacity 9504K, committed 9508K, reserved 1048576K
}
Event: 22.252 GC heap after
{Heap after GC invocations=17 (full 0):
 garbage-first heap   total 203776K, used 96067K [0x0000000081400000, 0x0000000100000000)
  region size 1024K, 9 young (9216K), 9 survivors (9216K)
 Metaspace       used 84459K, capacity 85445K, committed 85716K, reserved 1126400K
  class space    used 9108K, capacity 9504K, committed 9508K, reserved 1048576K
}
Event: 23.942 GC heap before
{Heap before GC invocations=18 (full 0):
 garbage-first heap   total 203776K, used 158531K [0x0000000081400000, 0x0000000100000000)
  region size 1024K, 72 young (73728K), 9 survivors (9216K)
 Metaspace       used 88210K, capacity 89142K, committed 89300K, reserved 1128448K
  class space    used 9361K, capacity 9733K, committed 9764K, reserved 1048576K
}
Event: 23.973 GC heap after
{Heap after GC invocations=19 (full 0):
 garbage-first heap   total 244736K, used 100414K [0x0000000081400000, 0x0000000100000000)
  region size 1024K, 7 young (7168K), 7 survivors (7168K)
 Metaspace       used 88210K, capacity 89142K, committed 89300K, reserved 1128448K
  class space    used 9361K, capacity 9733K, committed 9764K, reserved 1048576K
}

