# JRE version: OpenJDK Runtime Environment (11.0.12+7) (build 11.0.12+7-b1504.28-7817840)
# Java VM: OpenJDK 64-Bit Server VM (11.0.12+7-b1504.28-7817840, mixed mode, tiered, compressed oops, g1 gc, windows-amd64)
Heap:
 garbage-first heap   total 216064K, used 131982K [0x0000000081400000, 0x0000000100000000)
  region size 1024K, 34 young (34816K), 8 survivors (8192K)
 Metaspace       used 94962K, capacity 95924K, committed 96212K, reserved 1134592K
  class space    used 9779K, capacity 10157K, committed 10240K, reserved 1048576K
GC Heap History (20 events):
Event: 8.829 GC heap before
{Heap before GC invocations=9 (full 0):
 garbage-first heap   total 159744K, used 109906K [0x0000000081400000, 0x0000000100000000)
  region size 1024K, 84 young (86016K), 12 survivors (12288K)
 Metaspace       used 59380K, capacity 60146K, committed 60416K, reserved 1101824K
  class space    used 6808K, capacity 7104K, committed 7168K, reserved 1048576K
}
Event: 8.880 GC heap after
{Heap after GC invocations=10 (full 0):
 garbage-first heap   total 159744K, used 50863K [0x0000000081400000, 0x0000000100000000)
  region size 1024K, 11 young (11264K), 11 survivors (11264K)
 Metaspace       used 59380K, capacity 60146K, committed 60416K, reserved 1101824K
  class space    used 6808K, capacity 7104K, committed 7168K, reserved 1048576K
}
Event: 11.295 GC heap before
{Heap before GC invocations=10 (full 0):
 garbage-first heap   total 159744K, used 114351K [0x0000000081400000, 0x0000000100000000)
  region size 1024K, 73 young (74752K), 11 survivors (11264K)
 Metaspace       used 65361K, capacity 66241K, committed 66432K, reserved 1107968K
  class space    used 7397K, capacity 7743K, committed 7808K, reserved 1048576K
}
Event: 11.334 GC heap after
{Heap after GC invocations=11 (full 0):
 garbage-first heap   total 159744K, used 56320K [0x0000000081400000, 0x0000000100000000)
  region size 1024K, 5 young (5120K), 5 survivors (5120K)
 Metaspace       used 65361K, capacity 66241K, committed 66432K, reserved 1107968K
  class space    used 7397K, capacity 7743K, committed 7808K, reserved 1048576K
}
Event: 13.705 GC heap before
{Heap before GC invocations=11 (full 0):
 garbage-first heap   total 159744K, used 118784K [0x0000000081400000, 0x0000000100000000)
  region size 1024K, 66 young (67584K), 5 survivors (5120K)
 Metaspace       used 69000K, capacity 69901K, committed 70016K, reserved 1112064K
  class space    used 7675K, capacity 8058K, committed 8064K, reserved 1048576K
}
Event: 13.742 GC heap after
{Heap after GC invocations=12 (full 0):
 garbage-first heap   total 216064K, used 64000K [0x0000000081400000, 0x0000000100000000)
  region size 1024K, 9 young (9216K), 9 survivors (9216K)
 Metaspace       used 69000K, capacity 69901K, committed 70016K, reserved 1112064K
  class space    used 7675K, capacity 8058K, committed 8064K, reserved 1048576K
}
Event: 16.686 GC heap before
{Heap before GC invocations=12 (full 0):
 garbage-first heap   total 216064K, used 146944K [0x0000000081400000, 0x0000000100000000)
  region size 1024K, 87 young (89088K), 9 survivors (9216K)
 Metaspace       used 70353K, capacity 71259K, committed 71424K, reserved 1112064K
  class space    used 7718K, capacity 8096K, committed 8192K, reserved 1048576K
}
Event: 16.733 GC heap after
{Heap after GC invocations=13 (full 0):
 garbage-first heap   total 216064K, used 77403K [0x0000000081400000, 0x0000000100000000)
  region size 1024K, 11 young (11264K), 11 survivors (11264K)
 Metaspace       used 70353K, capacity 71259K, committed 71424K, reserved 1112064K
  class space    used 7718K, capacity 8096K, committed 8192K, reserved 1048576K
}
Event: 19.401 GC heap before
{Heap before GC invocations=13 (full 0):
 garbage-first heap   total 216064K, used 153179K [0x0000000081400000, 0x0000000100000000)
  region size 1024K, 85 young (87040K), 11 survivors (11264K)
 Metaspace       used 71685K, capacity 72559K, committed 72704K, reserved 1114112K
  class space    used 7792K, capacity 8165K, committed 8192K, reserved 1048576K
}
Event: 19.430 GC heap after
{Heap after GC invocations=14 (full 0):
 garbage-first heap   total 216064K, used 83295K [0x0000000081400000, 0x0000000100000000)
  region size 1024K, 6 young (6144K), 6 survivors (6144K)
 Metaspace       used 71685K, capacity 72559K, committed 72704K, reserved 1114112K
  class space    used 7792K, capacity 8165K, committed 8192K, reserved 1048576K
}
Event: 20.148 GC heap before
{Heap before GC invocations=14 (full 0):
 garbage-first heap   total 216064K, used 104799K [0x0000000081400000, 0x0000000100000000)
  region size 1024K, 28 young (28672K), 6 survivors (6144K)
 Metaspace       used 75403K, capacity 76240K, committed 76376K, reserved 1118208K
  class space    used 8121K, capacity 8481K, committed 8576K, reserved 1048576K
}
Event: 20.165 GC heap after
{Heap after GC invocations=15 (full 0):
 garbage-first heap   total 216064K, used 85883K [0x0000000081400000, 0x0000000100000000)
  region size 1024K, 2 young (2048K), 2 survivors (2048K)
 Metaspace       used 75403K, capacity 76240K, committed 76376K, reserved 1118208K
  class space    used 8121K, capacity 8481K, committed 8576K, reserved 1048576K
}
Event: 22.371 GC heap before
{Heap before GC invocations=16 (full 0):
 garbage-first heap   total 216064K, used 151419K [0x0000000081400000, 0x0000000100000000)
  region size 1024K, 66 young (67584K), 2 survivors (2048K)
 Metaspace       used 83677K, capacity 84616K, committed 84948K, reserved 1124352K
  class space    used 8994K, capacity 9376K, committed 9472K, reserved 1048576K
}
Event: 22.410 GC heap after
{Heap after GC invocations=17 (full 0):
 garbage-first heap   total 216064K, used 94134K [0x0000000081400000, 0x0000000100000000)
  region size 1024K, 9 young (9216K), 9 survivors (9216K)
 Metaspace       used 83677K, capacity 84616K, committed 84948K, reserved 1124352K
  class space    used 8994K, capacity 9376K, committed 9472K, reserved 1048576K
}
Event: 24.090 GC heap before
{Heap before GC invocations=18 (full 0):
 garbage-first heap   total 216064K, used 155574K [0x0000000081400000, 0x0000000100000000)
  region size 1024K, 71 young (72704K), 9 survivors (9216K)
 Metaspace       used 88113K, capacity 89081K, committed 89428K, reserved 1128448K
  class space    used 9359K, capacity 9733K, committed 9856K, reserved 1048576K
}
Event: 24.119 GC heap after
{Heap after GC invocations=19 (full 0):
 garbage-first heap   total 216064K, used 98041K [0x0000000081400000, 0x0000000100000000)
  region size 1024K, 6 young (6144K), 6 survivors (6144K)
 Metaspace       used 88113K, capacity 89081K, committed 89428K, reserved 1128448K
  class space    used 9359K, capacity 9733K, committed 9856K, reserved 1048576K
}
Event: 25.888 GC heap before
{Heap before GC invocations=19 (full 0):
 garbage-first heap   total 216064K, used 161529K [0x0000000081400000, 0x0000000100000000)
  region size 1024K, 68 young (69632K), 6 survivors (6144K)
 Metaspace       used 92314K, capacity 93287K, committed 93524K, reserved 1132544K
  class space    used 9648K, capacity 10025K, committed 10112K, reserved 1048576K
}
Event: 25.907 GC heap after
{Heap after GC invocations=20 (full 0):
 garbage-first heap   total 216064K, used 101977K [0x0000000081400000, 0x0000000100000000)
  region size 1024K, 4 young (4096K), 4 survivors (4096K)
 Metaspace       used 92314K, capacity 93287K, committed 93524K, reserved 1132544K
  class space    used 9648K, capacity 10025K, committed 10112K, reserved 1048576K
}
Event: 27.231 GC heap before
{Heap before GC invocations=20 (full 0):
 garbage-first heap   total 216064K, used 164441K [0x0000000081400000, 0x0000000100000000)
  region size 1024K, 66 young (67584K), 4 survivors (4096K)
 Metaspace       used 94664K, capacity 95603K, committed 95700K, reserved 1134592K
  class space    used 9776K, capacity 10157K, committed 10240K, reserved 1048576K
}
Event: 27.251 GC heap after
{Heap after GC invocations=21 (full 0):
 garbage-first heap   total 216064K, used 106382K [0x0000000081400000, 0x0000000100000000)
  region size 1024K, 8 young (8192K), 8 survivors (8192K)
 Metaspace       used 94664K, capacity 95603K, committed 95700K, reserved 1134592K
  class space    used 9776K, capacity 10157K, committed 10240K, reserved 1048576K
}

