# JRE version: OpenJDK Runtime Environment (11.0.12+7) (build 11.0.12+7-b1504.28-7817840)
# Java VM: OpenJDK 64-Bit Server VM (11.0.12+7-b1504.28-7817840, mixed mode, tiered, compressed oops, g1 gc, windows-amd64)
Heap:
 garbage-first heap   total 620544K, used 295369K [0x0000000080000000, 0x0000000100000000)
  region size 1024K, 2 young (2048K), 2 survivors (2048K)
 Metaspace       used 165202K, capacity 169451K, committed 169752K, reserved 1198080K
  class space    used 19872K, capacity 21387K, committed 21528K, reserved 1048576K
GC Heap History (20 events):
Event: 2288.745 GC heap after
{Heap after GC invocations=107 (full 0):
 garbage-first heap   total 273408K, used 236544K [0x0000000080000000, 0x0000000100000000)
  region size 1024K, 2 young (2048K), 2 survivors (2048K)
 Metaspace       used 161710K, capacity 165856K, committed 166168K, reserved 1193984K
  class space    used 19420K, capacity 20921K, committed 21016K, reserved 1048576K
}
Event: 2288.795 GC heap before
{Heap before GC invocations=107 (full 0):
 garbage-first heap   total 273408K, used 247808K [0x0000000080000000, 0x0000000100000000)
  region size 1024K, 13 young (13312K), 2 survivors (2048K)
 Metaspace       used 161710K, capacity 165856K, committed 166168K, reserved 1193984K
  class space    used 19420K, capacity 20921K, committed 21016K, reserved 1048576K
}
Event: 2288.810 GC heap after
{Heap after GC invocations=108 (full 0):
 garbage-first heap   total 273408K, used 245248K [0x0000000080000000, 0x0000000100000000)
  region size 1024K, 2 young (2048K), 2 survivors (2048K)
 Metaspace       used 161710K, capacity 165856K, committed 166168K, reserved 1193984K
  class space    used 19420K, capacity 20921K, committed 21016K, reserved 1048576K
}
Event: 2288.948 GC heap before
{Heap before GC invocations=108 (full 0):
 garbage-first heap   total 273408K, used 256512K [0x0000000080000000, 0x0000000100000000)
  region size 1024K, 13 young (13312K), 2 survivors (2048K)
 Metaspace       used 162207K, capacity 166368K, committed 166424K, reserved 1193984K
  class space    used 19478K, capacity 20985K, committed 21016K, reserved 1048576K
}
Event: 2288.961 GC heap after
{Heap after GC invocations=109 (full 0):
 garbage-first heap   total 273408K, used 251316K [0x0000000080000000, 0x0000000100000000)
  region size 1024K, 2 young (2048K), 2 survivors (2048K)
 Metaspace       used 162207K, capacity 166368K, committed 166424K, reserved 1193984K
  class space    used 19478K, capacity 20985K, committed 21016K, reserved 1048576K
}
Event: 2289.228 GC heap before
{Heap before GC invocations=109 (full 0):
 garbage-first heap   total 273408K, used 262580K [0x0000000080000000, 0x0000000100000000)
  region size 1024K, 13 young (13312K), 2 survivors (2048K)
 Metaspace       used 163466K, capacity 167602K, committed 167704K, reserved 1196032K
  class space    used 19662K, capacity 21182K, committed 21272K, reserved 1048576K
}
Event: 2289.235 GC heap after
{Heap after GC invocations=110 (full 0):
 garbage-first heap   total 273408K, used 253343K [0x0000000080000000, 0x0000000100000000)
  region size 1024K, 2 young (2048K), 2 survivors (2048K)
 Metaspace       used 163466K, capacity 167602K, committed 167704K, reserved 1196032K
  class space    used 19662K, capacity 21182K, committed 21272K, reserved 1048576K
}
Event: 2289.614 GC heap before
{Heap before GC invocations=110 (full 0):
 garbage-first heap   total 273408K, used 265631K [0x0000000080000000, 0x0000000100000000)
  region size 1024K, 13 young (13312K), 2 survivors (2048K)
 Metaspace       used 164980K, capacity 169246K, committed 169496K, reserved 1198080K
  class space    used 19863K, capacity 21385K, committed 21528K, reserved 1048576K
}
Event: 2289.623 GC heap after
{Heap after GC invocations=111 (full 0):
 garbage-first heap   total 273408K, used 256153K [0x0000000080000000, 0x0000000100000000)
  region size 1024K, 2 young (2048K), 2 survivors (2048K)
 Metaspace       used 164980K, capacity 169246K, committed 169496K, reserved 1198080K
  class space    used 19863K, capacity 21385K, committed 21528K, reserved 1048576K
}
Event: 2289.855 GC heap before
{Heap before GC invocations=112 (full 0):
 garbage-first heap   total 273408K, used 267417K [0x0000000080000000, 0x0000000100000000)
  region size 1024K, 13 young (13312K), 2 survivors (2048K)
 Metaspace       used 165177K, capacity 169387K, committed 169752K, reserved 1198080K
  class space    used 19872K, capacity 21387K, committed 21528K, reserved 1048576K
}
Event: 2289.863 GC heap after
{Heap after GC invocations=113 (full 0):
 garbage-first heap   total 273408K, used 257429K [0x0000000080000000, 0x0000000100000000)
  region size 1024K, 2 young (2048K), 2 survivors (2048K)
 Metaspace       used 165177K, capacity 169387K, committed 169752K, reserved 1198080K
  class space    used 19872K, capacity 21387K, committed 21528K, reserved 1048576K
}
Event: 2289.926 GC heap before
{Heap before GC invocations=113 (full 0):
 garbage-first heap   total 273408K, used 268693K [0x0000000080000000, 0x0000000100000000)
  region size 1024K, 13 young (13312K), 2 survivors (2048K)
 Metaspace       used 165202K, capacity 169451K, committed 169752K, reserved 1198080K
  class space    used 19872K, capacity 21387K, committed 21528K, reserved 1048576K
}
Event: 2289.982 GC heap after
{Heap after GC invocations=114 (full 0):
 garbage-first heap   total 293888K, used 254265K [0x0000000080000000, 0x0000000100000000)
  region size 1024K, 2 young (2048K), 2 survivors (2048K)
 Metaspace       used 165202K, capacity 169451K, committed 169752K, reserved 1198080K
  class space    used 19872K, capacity 21387K, committed 21528K, reserved 1048576K
}
Event: 2290.024 GC heap before
{Heap before GC invocations=114 (full 0):
 garbage-first heap   total 293888K, used 265529K [0x0000000080000000, 0x0000000100000000)
  region size 1024K, 14 young (14336K), 2 survivors (2048K)
 Metaspace       used 165202K, capacity 169451K, committed 169752K, reserved 1198080K
  class space    used 19872K, capacity 21387K, committed 21528K, reserved 1048576K
}
Event: 2290.045 GC heap after
{Heap after GC invocations=115 (full 0):
 garbage-first heap   total 293888K, used 266752K [0x0000000080000000, 0x0000000100000000)
  region size 1024K, 2 young (2048K), 2 survivors (2048K)
 Metaspace       used 165202K, capacity 169451K, committed 169752K, reserved 1198080K
  class space    used 19872K, capacity 21387K, committed 21528K, reserved 1048576K
}
Event: 2290.088 GC heap before
{Heap before GC invocations=115 (full 0):
 garbage-first heap   total 293888K, used 279040K [0x0000000080000000, 0x0000000100000000)
  region size 1024K, 14 young (14336K), 2 survivors (2048K)
 Metaspace       used 165202K, capacity 169451K, committed 169752K, reserved 1198080K
  class space    used 19872K, capacity 21387K, committed 21528K, reserved 1048576K
}
Event: 2290.101 GC heap after
{Heap after GC invocations=116 (full 0):
 garbage-first heap   total 293888K, used 276992K [0x0000000080000000, 0x0000000100000000)
  region size 1024K, 2 young (2048K), 2 survivors (2048K)
 Metaspace       used 165202K, capacity 169451K, committed 169752K, reserved 1198080K
  class space    used 19872K, capacity 21387K, committed 21528K, reserved 1048576K
}
Event: 2290.144 GC heap before
{Heap before GC invocations=116 (full 0):
 garbage-first heap   total 293888K, used 289280K [0x0000000080000000, 0x0000000100000000)
  region size 1024K, 14 young (14336K), 2 survivors (2048K)
 Metaspace       used 165202K, capacity 169451K, committed 169752K, reserved 1198080K
  class space    used 19872K, capacity 21387K, committed 21528K, reserved 1048576K
}
Event: 2290.164 GC heap after
{Heap after GC invocations=117 (full 0):
 garbage-first heap   total 301056K, used 286682K [0x0000000080000000, 0x0000000100000000)
  region size 1024K, 2 young (2048K), 2 survivors (2048K)
 Metaspace       used 165202K, capacity 169451K, committed 169752K, reserved 1198080K
  class space    used 19872K, capacity 21387K, committed 21528K, reserved 1048576K
}
Event: 2290.211 GC heap before
{Heap before GC invocations=117 (full 0):
 garbage-first heap   total 301056K, used 298970K [0x0000000080000000, 0x0000000100000000)
  region size 1024K, 14 young (14336K), 2 survivors (2048K)
 Metaspace       used 165202K, capacity 169451K, committed 169752K, reserved 1198080K
  class space    used 19872K, capacity 21387K, committed 21528K, reserved 1048576K
}

