# JRE version: OpenJDK Runtime Environment (11.0.12+7) (build 11.0.12+7-b1504.28-7817840)
# Java VM: OpenJDK 64-Bit Server VM (11.0.12+7-b1504.28-7817840, mixed mode, tiered, compressed oops, g1 gc, windows-amd64)
Heap:
 garbage-first heap   total 452608K, used 228637K [0x0000000080000000, 0x0000000100000000)
  region size 1024K, 2 young (2048K), 2 survivors (2048K)
 Metaspace       used 106117K, capacity 108606K, committed 108872K, reserved 1142784K
  class space    used 13737K, capacity 14695K, committed 14796K, reserved 1048576K
GC Heap History (20 events):
Event: 22.191 GC heap after
{Heap after GC invocations=23 (full 0):
 garbage-first heap   total 273408K, used 102749K [0x0000000080000000, 0x0000000100000000)
  region size 1024K, 13 young (13312K), 13 survivors (13312K)
 Metaspace       used 96184K, capacity 98259K, committed 98504K, reserved 1134592K
  class space    used 12311K, capacity 13086K, committed 13132K, reserved 1048576K
}
Event: 23.344 GC heap before
{Heap before GC invocations=23 (full 0):
 garbage-first heap   total 273408K, used 221533K [0x0000000080000000, 0x0000000100000000)
  region size 1024K, 117 young (119808K), 13 survivors (13312K)
 Metaspace       used 98398K, capacity 100631K, committed 100936K, reserved 1136640K
  class space    used 12586K, capacity 13447K, committed 13516K, reserved 1048576K
}
Event: 23.376 GC heap after
{Heap after GC invocations=24 (full 0):
 garbage-first heap   total 273408K, used 125921K [0x0000000080000000, 0x0000000100000000)
  region size 1024K, 13 young (13312K), 13 survivors (13312K)
 Metaspace       used 98398K, capacity 100631K, committed 100936K, reserved 1136640K
  class space    used 12586K, capacity 13447K, committed 13516K, reserved 1048576K
}
Event: 23.630 GC heap before
{Heap before GC invocations=24 (full 0):
 garbage-first heap   total 273408K, used 162785K [0x0000000080000000, 0x0000000100000000)
  region size 1024K, 41 young (41984K), 13 survivors (13312K)
 Metaspace       used 100012K, capacity 102262K, committed 102472K, reserved 1138688K
  class space    used 12794K, capacity 13665K, committed 13772K, reserved 1048576K
}
Event: 23.648 GC heap after
{Heap after GC invocations=25 (full 0):
 garbage-first heap   total 273408K, used 135338K [0x0000000080000000, 0x0000000100000000)
  region size 1024K, 6 young (6144K), 6 survivors (6144K)
 Metaspace       used 100012K, capacity 102262K, committed 102472K, reserved 1138688K
  class space    used 12794K, capacity 13665K, committed 13772K, reserved 1048576K
}
Event: 24.405 GC heap before
{Heap before GC invocations=26 (full 0):
 garbage-first heap   total 273408K, used 205994K [0x0000000080000000, 0x0000000100000000)
  region size 1024K, 55 young (56320K), 6 survivors (6144K)
 Metaspace       used 100322K, capacity 102544K, committed 102728K, reserved 1138688K
  class space    used 12814K, capacity 13675K, committed 13772K, reserved 1048576K
}
Event: 24.484 GC heap after
{Heap after GC invocations=27 (full 0):
 garbage-first heap   total 273408K, used 160768K [0x0000000080000000, 0x0000000100000000)
  region size 1024K, 10 young (10240K), 10 survivors (10240K)
 Metaspace       used 100322K, capacity 102544K, committed 102728K, reserved 1138688K
  class space    used 12814K, capacity 13675K, committed 13772K, reserved 1048576K
}
Event: 25.570 GC heap before
{Heap before GC invocations=28 (full 0):
 garbage-first heap   total 273408K, used 211968K [0x0000000080000000, 0x0000000100000000)
  region size 1024K, 59 young (60416K), 10 survivors (10240K)
 Metaspace       used 102594K, capacity 104842K, committed 104904K, reserved 1140736K
  class space    used 13273K, capacity 14120K, committed 14156K, reserved 1048576K
}
Event: 25.643 GC heap after
{Heap after GC invocations=29 (full 0):
 garbage-first heap   total 273408K, used 182272K [0x0000000080000000, 0x0000000100000000)
  region size 1024K, 8 young (8192K), 8 survivors (8192K)
 Metaspace       used 102594K, capacity 104842K, committed 104904K, reserved 1140736K
  class space    used 13273K, capacity 14120K, committed 14156K, reserved 1048576K
}
Event: 25.928 GC heap before
{Heap before GC invocations=29 (full 0):
 garbage-first heap   total 273408K, used 218112K [0x0000000080000000, 0x0000000100000000)
  region size 1024K, 43 young (44032K), 8 survivors (8192K)
 Metaspace       used 102620K, capacity 104846K, committed 104904K, reserved 1140736K
  class space    used 13273K, capacity 14120K, committed 14156K, reserved 1048576K
}
Event: 25.990 GC heap after
{Heap after GC invocations=30 (full 0):
 garbage-first heap   total 273408K, used 200704K [0x0000000080000000, 0x0000000100000000)
  region size 1024K, 6 young (6144K), 6 survivors (6144K)
 Metaspace       used 102620K, capacity 104846K, committed 104904K, reserved 1140736K
  class space    used 13273K, capacity 14120K, committed 14156K, reserved 1048576K
}
Event: 26.419 GC heap before
{Heap before GC invocations=30 (full 0):
 garbage-first heap   total 273408K, used 224256K [0x0000000080000000, 0x0000000100000000)
  region size 1024K, 29 young (29696K), 6 survivors (6144K)
 Metaspace       used 102663K, capacity 104910K, committed 105160K, reserved 1140736K
  class space    used 13273K, capacity 14120K, committed 14156K, reserved 1048576K
}
Event: 26.455 GC heap after
{Heap after GC invocations=31 (full 0):
 garbage-first heap   total 375808K, used 213504K [0x0000000080000000, 0x0000000100000000)
  region size 1024K, 4 young (4096K), 4 survivors (4096K)
 Metaspace       used 102663K, capacity 104910K, committed 105160K, reserved 1140736K
  class space    used 13273K, capacity 14120K, committed 14156K, reserved 1048576K
}
Event: 27.448 GC heap before
{Heap before GC invocations=32 (full 0):
 garbage-first heap   total 375808K, used 268800K [0x0000000080000000, 0x0000000100000000)
  region size 1024K, 59 young (60416K), 4 survivors (4096K)
 Metaspace       used 104708K, capacity 106987K, committed 107336K, reserved 1142784K
  class space    used 13544K, capacity 14422K, committed 14540K, reserved 1048576K
}
Event: 27.498 GC heap after
{Heap after GC invocations=33 (full 0):
 garbage-first heap   total 375808K, used 237056K [0x0000000080000000, 0x0000000100000000)
  region size 1024K, 8 young (8192K), 8 survivors (8192K)
 Metaspace       used 104708K, capacity 106987K, committed 107336K, reserved 1142784K
  class space    used 13544K, capacity 14422K, committed 14540K, reserved 1048576K
}
Event: 28.176 GC heap before
{Heap before GC invocations=33 (full 0):
 garbage-first heap   total 375808K, used 283136K [0x0000000080000000, 0x0000000100000000)
  region size 1024K, 54 young (55296K), 8 survivors (8192K)
 Metaspace       used 105533K, capacity 108014K, committed 108232K, reserved 1142784K
  class space    used 13672K, capacity 14614K, committed 14668K, reserved 1048576K
}
Event: 28.223 GC heap after
{Heap after GC invocations=34 (full 0):
 garbage-first heap   total 375808K, used 245248K [0x0000000080000000, 0x0000000100000000)
  region size 1024K, 7 young (7168K), 7 survivors (7168K)
 Metaspace       used 105533K, capacity 108014K, committed 108232K, reserved 1142784K
  class space    used 13672K, capacity 14614K, committed 14668K, reserved 1048576K
}
Event: 29.627 GC heap before
{Heap before GC invocations=35 (full 0):
 garbage-first heap   total 375808K, used 280064K [0x0000000080000000, 0x0000000100000000)
  region size 1024K, 53 young (54272K), 7 survivors (7168K)
 Metaspace       used 106112K, capacity 108606K, committed 108872K, reserved 1142784K
  class space    used 13737K, capacity 14695K, committed 14796K, reserved 1048576K
}
Event: 29.665 GC heap after
{Heap after GC invocations=36 (full 0):
 garbage-first heap   total 375808K, used 236544K [0x0000000080000000, 0x0000000100000000)
  region size 1024K, 5 young (5120K), 5 survivors (5120K)
 Metaspace       used 106112K, capacity 108606K, committed 108872K, reserved 1142784K
  class space    used 13737K, capacity 14695K, committed 14796K, reserved 1048576K
}
Event: 29.871 GC heap before
{Heap before GC invocations=36 (full 0):
 garbage-first heap   total 375808K, used 252928K [0x0000000080000000, 0x0000000100000000)
  region size 1024K, 18 young (18432K), 5 survivors (5120K)
 Metaspace       used 106117K, capacity 108606K, committed 108872K, reserved 1142784K
  class space    used 13737K, capacity 14695K, committed 14796K, reserved 1048576K
}

