# JRE version: OpenJDK Runtime Environment (11.0.12+7) (build 11.0.12+7-b1504.28-7817840)
# Java VM: OpenJDK 64-Bit Server VM (11.0.12+7-b1504.28-7817840, mixed mode, tiered, compressed oops, g1 gc, windows-amd64)
Heap:
 garbage-first heap   total 508928K, used 302080K [0x0000000080000000, 0x0000000100000000)
  region size 1024K, 5 young (5120K), 5 survivors (5120K)
 Metaspace       used 110054K, capacity 112698K, committed 112968K, reserved 1146880K
  class space    used 14156K, capacity 15181K, committed 15308K, reserved 1048576K
GC Heap History (20 events):
Event: 31.377 GC heap after
{Heap after GC invocations=34 (full 0):
 garbage-first heap   total 363520K, used 242821K [0x0000000080000000, 0x0000000100000000)
  region size 1024K, 7 young (7168K), 7 survivors (7168K)
 Metaspace       used 105566K, capacity 108053K, committed 108232K, reserved 1142784K
  class space    used 13687K, capacity 14652K, committed 14668K, reserved 1048576K
}
Event: 32.438 GC heap before
{Heap before GC invocations=34 (full 0):
 garbage-first heap   total 363520K, used 271493K [0x0000000080000000, 0x0000000100000000)
  region size 1024K, 49 young (50176K), 7 survivors (7168K)
 Metaspace       used 106132K, capacity 108623K, committed 108872K, reserved 1142784K
  class space    used 13746K, capacity 14724K, committed 14796K, reserved 1048576K
}
Event: 32.472 GC heap after
{Heap after GC invocations=35 (full 0):
 garbage-first heap   total 363520K, used 234268K [0x0000000080000000, 0x0000000100000000)
  region size 1024K, 6 young (6144K), 6 survivors (6144K)
 Metaspace       used 106132K, capacity 108623K, committed 108872K, reserved 1142784K
  class space    used 13746K, capacity 14724K, committed 14796K, reserved 1048576K
}
Event: 33.445 GC heap before
{Heap before GC invocations=36 (full 0):
 garbage-first heap   total 363520K, used 289564K [0x0000000080000000, 0x0000000100000000)
  region size 1024K, 53 young (54272K), 6 survivors (6144K)
 Metaspace       used 106185K, capacity 108688K, committed 108872K, reserved 1142784K
  class space    used 13750K, capacity 14724K, committed 14796K, reserved 1048576K
}
Event: 33.478 GC heap after
{Heap after GC invocations=37 (full 0):
 garbage-first heap   total 442368K, used 242422K [0x0000000080000000, 0x0000000100000000)
  region size 1024K, 4 young (4096K), 4 survivors (4096K)
 Metaspace       used 106185K, capacity 108688K, committed 108872K, reserved 1142784K
  class space    used 13750K, capacity 14724K, committed 14796K, reserved 1048576K
}
Event: 33.928 GC heap before
{Heap before GC invocations=37 (full 0):
 garbage-first heap   total 442368K, used 259830K [0x0000000080000000, 0x0000000100000000)
  region size 1024K, 21 young (21504K), 4 survivors (4096K)
 Metaspace       used 106646K, capacity 109238K, committed 109512K, reserved 1144832K
  class space    used 13802K, capacity 14796K, committed 14924K, reserved 1048576K
}
Event: 33.958 GC heap after
{Heap after GC invocations=38 (full 0):
 garbage-first heap   total 442368K, used 236049K [0x0000000080000000, 0x0000000100000000)
  region size 1024K, 3 young (3072K), 3 survivors (3072K)
 Metaspace       used 106646K, capacity 109238K, committed 109512K, reserved 1144832K
  class space    used 13802K, capacity 14796K, committed 14924K, reserved 1048576K
}
Event: 33.990 GC heap before
{Heap before GC invocations=38 (full 0):
 garbage-first heap   total 442368K, used 239121K [0x0000000080000000, 0x0000000100000000)
  region size 1024K, 7 young (7168K), 3 survivors (3072K)
 Metaspace       used 106672K, capacity 109244K, committed 109512K, reserved 1144832K
  class space    used 13805K, capacity 14797K, committed 14924K, reserved 1048576K
}
Event: 33.997 GC heap after
{Heap after GC invocations=39 (full 0):
 garbage-first heap   total 442368K, used 236298K [0x0000000080000000, 0x0000000100000000)
  region size 1024K, 4 young (4096K), 4 survivors (4096K)
 Metaspace       used 106672K, capacity 109244K, committed 109512K, reserved 1144832K
  class space    used 13805K, capacity 14797K, committed 14924K, reserved 1048576K
}
Event: 35.734 GC heap before
{Heap before GC invocations=40 (full 0):
 garbage-first heap   total 442368K, used 320266K [0x0000000080000000, 0x0000000100000000)
  region size 1024K, 74 young (75776K), 4 survivors (4096K)
 Metaspace       used 107843K, capacity 110408K, committed 110536K, reserved 1144832K
  class space    used 13931K, capacity 14920K, committed 14924K, reserved 1048576K
}
Event: 35.750 GC heap after
{Heap after GC invocations=41 (full 0):
 garbage-first heap   total 442368K, used 252066K [0x0000000080000000, 0x0000000100000000)
  region size 1024K, 8 young (8192K), 8 survivors (8192K)
 Metaspace       used 107843K, capacity 110408K, committed 110536K, reserved 1144832K
  class space    used 13931K, capacity 14920K, committed 14924K, reserved 1048576K
}
Event: 35.812 GC heap before
{Heap before GC invocations=41 (full 0):
 garbage-first heap   total 442368K, used 265378K [0x0000000080000000, 0x0000000100000000)
  region size 1024K, 21 young (21504K), 8 survivors (8192K)
 Metaspace       used 107850K, capacity 110408K, committed 110536K, reserved 1144832K
  class space    used 13931K, capacity 14920K, committed 14924K, reserved 1048576K
}
Event: 35.834 GC heap after
{Heap after GC invocations=42 (full 0):
 garbage-first heap   total 442368K, used 250461K [0x0000000080000000, 0x0000000100000000)
  region size 1024K, 3 young (3072K), 3 survivors (3072K)
 Metaspace       used 107850K, capacity 110408K, committed 110536K, reserved 1144832K
  class space    used 13931K, capacity 14920K, committed 14924K, reserved 1048576K
}
Event: 35.918 GC heap before
{Heap before GC invocations=42 (full 0):
 garbage-first heap   total 442368K, used 262749K [0x0000000080000000, 0x0000000100000000)
  region size 1024K, 16 young (16384K), 3 survivors (3072K)
 Metaspace       used 107869K, capacity 110408K, committed 110536K, reserved 1144832K
  class space    used 13931K, capacity 14920K, committed 14924K, reserved 1048576K
}
Event: 35.934 GC heap after
{Heap after GC invocations=43 (full 0):
 garbage-first heap   total 442368K, used 252448K [0x0000000080000000, 0x0000000100000000)
  region size 1024K, 5 young (5120K), 5 survivors (5120K)
 Metaspace       used 107869K, capacity 110408K, committed 110536K, reserved 1144832K
  class space    used 13931K, capacity 14920K, committed 14924K, reserved 1048576K
}
Event: 36.535 GC heap before
{Heap before GC invocations=43 (full 0):
 garbage-first heap   total 442368K, used 331296K [0x0000000080000000, 0x0000000100000000)
  region size 1024K, 73 young (74752K), 5 survivors (5120K)
 Metaspace       used 108153K, capacity 110764K, committed 110920K, reserved 1144832K
  class space    used 13948K, capacity 14952K, committed 15052K, reserved 1048576K
}
Event: 36.554 GC heap after
{Heap after GC invocations=44 (full 0):
 garbage-first heap   total 442368K, used 268412K [0x0000000080000000, 0x0000000100000000)
  region size 1024K, 10 young (10240K), 10 survivors (10240K)
 Metaspace       used 108153K, capacity 110764K, committed 110920K, reserved 1144832K
  class space    used 13948K, capacity 14952K, committed 15052K, reserved 1048576K
}
Event: 37.297 GC heap before
{Heap before GC invocations=44 (full 0):
 garbage-first heap   total 442368K, used 347260K [0x0000000080000000, 0x0000000100000000)
  region size 1024K, 76 young (77824K), 10 survivors (10240K)
 Metaspace       used 108530K, capacity 111156K, committed 111432K, reserved 1146880K
  class space    used 13991K, capacity 14987K, committed 15052K, reserved 1048576K
}
Event: 37.325 GC heap after
{Heap after GC invocations=45 (full 0):
 garbage-first heap   total 442368K, used 287399K [0x0000000080000000, 0x0000000100000000)
  region size 1024K, 7 young (7168K), 7 survivors (7168K)
 Metaspace       used 108530K, capacity 111156K, committed 111432K, reserved 1146880K
  class space    used 13991K, capacity 14987K, committed 15052K, reserved 1048576K
}
Event: 38.061 GC heap before
{Heap before GC invocations=46 (full 0):
 garbage-first heap   total 442368K, used 370343K [0x0000000080000000, 0x0000000100000000)
  region size 1024K, 68 young (69632K), 7 survivors (7168K)
 Metaspace       used 110054K, capacity 112698K, committed 112968K, reserved 1146880K
  class space    used 14156K, capacity 15181K, committed 15308K, reserved 1048576K
}

