# JRE version: OpenJDK Runtime Environment (11.0.12+7) (build 11.0.12+7-b1504.28-7817840)
# Java VM: OpenJDK 64-Bit Server VM (11.0.12+7-b1504.28-7817840, mixed mode, tiered, compressed oops, g1 gc, windows-amd64)
Heap:
 garbage-first heap   total 524288K, used 284330K [0x0000000080000000, 0x0000000100000000)
  region size 1024K, 12 young (12288K), 5 survivors (5120K)
 Metaspace       used 117744K, capacity 120582K, committed 120908K, reserved 1155072K
  class space    used 14916K, capacity 15963K, committed 16076K, reserved 1048576K
GC Heap History (20 events):
Event: 31.226 GC heap before
{Heap before GC invocations=37 (full 0):
 garbage-first heap   total 390144K, used 296960K [0x0000000080000000, 0x0000000100000000)
  region size 1024K, 59 young (60416K), 4 survivors (4096K)
 Metaspace       used 107176K, capacity 109763K, committed 110028K, reserved 1144832K
  class space    used 13849K, capacity 14808K, committed 14924K, reserved 1048576K
}
Event: 31.257 GC heap after
{Heap after GC invocations=38 (full 0):
 garbage-first heap   total 390144K, used 244478K [0x0000000080000000, 0x0000000100000000)
  region size 1024K, 7 young (7168K), 7 survivors (7168K)
 Metaspace       used 107176K, capacity 109763K, committed 110028K, reserved 1144832K
  class space    used 13849K, capacity 14808K, committed 14924K, reserved 1048576K
}
Event: 31.438 GC heap before
{Heap before GC invocations=38 (full 0):
 garbage-first heap   total 390144K, used 256766K [0x0000000080000000, 0x0000000100000000)
  region size 1024K, 19 young (19456K), 7 survivors (7168K)
 Metaspace       used 107267K, capacity 109866K, committed 110028K, reserved 1144832K
  class space    used 13857K, capacity 14842K, committed 14924K, reserved 1048576K
}
Event: 31.490 GC heap after
{Heap after GC invocations=39 (full 0):
 garbage-first heap   total 458752K, used 237176K [0x0000000080000000, 0x0000000100000000)
  region size 1024K, 3 young (3072K), 3 survivors (3072K)
 Metaspace       used 107267K, capacity 109866K, committed 110028K, reserved 1144832K
  class space    used 13857K, capacity 14842K, committed 14924K, reserved 1048576K
}
Event: 31.954 GC heap before
{Heap before GC invocations=39 (full 0):
 garbage-first heap   total 458752K, used 261752K [0x0000000080000000, 0x0000000100000000)
  region size 1024K, 29 young (29696K), 3 survivors (3072K)
 Metaspace       used 107974K, capacity 110583K, committed 110924K, reserved 1144832K
  class space    used 13953K, capacity 14948K, committed 15052K, reserved 1048576K
}
Event: 31.973 GC heap after
{Heap after GC invocations=40 (full 0):
 garbage-first heap   total 458752K, used 240399K [0x0000000080000000, 0x0000000100000000)
  region size 1024K, 7 young (7168K), 7 survivors (7168K)
 Metaspace       used 107974K, capacity 110583K, committed 110924K, reserved 1144832K
  class space    used 13953K, capacity 14948K, committed 15052K, reserved 1048576K
}
Event: 33.860 GC heap before
{Heap before GC invocations=41 (full 0):
 garbage-first heap   total 458752K, used 339727K [0x0000000080000000, 0x0000000100000000)
  region size 1024K, 92 young (94208K), 7 survivors (7168K)
 Metaspace       used 109156K, capacity 111752K, committed 112076K, reserved 1146880K
  class space    used 14076K, capacity 15090K, committed 15180K, reserved 1048576K
}
Event: 33.884 GC heap after
{Heap after GC invocations=42 (full 0):
 garbage-first heap   total 458752K, used 257573K [0x0000000080000000, 0x0000000100000000)
  region size 1024K, 12 young (12288K), 12 survivors (12288K)
 Metaspace       used 109156K, capacity 111752K, committed 112076K, reserved 1146880K
  class space    used 14076K, capacity 15090K, committed 15180K, reserved 1048576K
}
Event: 33.969 GC heap before
{Heap before GC invocations=42 (full 0):
 garbage-first heap   total 458752K, used 267813K [0x0000000080000000, 0x0000000100000000)
  region size 1024K, 22 young (22528K), 12 survivors (12288K)
 Metaspace       used 109473K, capacity 112072K, committed 112332K, reserved 1146880K
  class space    used 14125K, capacity 15154K, committed 15180K, reserved 1048576K
}
Event: 33.997 GC heap after
{Heap after GC invocations=43 (full 0):
 garbage-first heap   total 458752K, used 256736K [0x0000000080000000, 0x0000000100000000)
  region size 1024K, 2 young (2048K), 2 survivors (2048K)
 Metaspace       used 109473K, capacity 112072K, committed 112332K, reserved 1146880K
  class space    used 14125K, capacity 15154K, committed 15180K, reserved 1048576K
}
Event: 34.069 GC heap before
{Heap before GC invocations=43 (full 0):
 garbage-first heap   total 458752K, used 262880K [0x0000000080000000, 0x0000000100000000)
  region size 1024K, 9 young (9216K), 2 survivors (2048K)
 Metaspace       used 109589K, capacity 112200K, committed 112332K, reserved 1146880K
  class space    used 14134K, capacity 15154K, committed 15180K, reserved 1048576K
}
Event: 34.077 GC heap after
{Heap after GC invocations=44 (full 0):
 garbage-first heap   total 458752K, used 257403K [0x0000000080000000, 0x0000000100000000)
  region size 1024K, 2 young (2048K), 2 survivors (2048K)
 Metaspace       used 109589K, capacity 112200K, committed 112332K, reserved 1146880K
  class space    used 14134K, capacity 15154K, committed 15180K, reserved 1048576K
}
Event: 35.076 GC heap before
{Heap before GC invocations=44 (full 0):
 garbage-first heap   total 458752K, used 355707K [0x0000000080000000, 0x0000000100000000)
  region size 1024K, 88 young (90112K), 2 survivors (2048K)
 Metaspace       used 110796K, capacity 113471K, committed 113740K, reserved 1148928K
  class space    used 14234K, capacity 15255K, committed 15308K, reserved 1048576K
}
Event: 35.107 GC heap after
{Heap after GC invocations=45 (full 0):
 garbage-first heap   total 458752K, used 281410K [0x0000000080000000, 0x0000000100000000)
  region size 1024K, 11 young (11264K), 11 survivors (11264K)
 Metaspace       used 110796K, capacity 113471K, committed 113740K, reserved 1148928K
  class space    used 14234K, capacity 15255K, committed 15308K, reserved 1048576K
}
Event: 36.002 GC heap before
{Heap before GC invocations=46 (full 0):
 garbage-first heap   total 458752K, used 371522K [0x0000000080000000, 0x0000000100000000)
  region size 1024K, 88 young (90112K), 11 survivors (11264K)
 Metaspace       used 111353K, capacity 114011K, committed 114252K, reserved 1148928K
  class space    used 14293K, capacity 15295K, committed 15308K, reserved 1048576K
}
Event: 36.025 GC heap after
{Heap after GC invocations=47 (full 0):
 garbage-first heap   total 458752K, used 293916K [0x0000000080000000, 0x0000000100000000)
  region size 1024K, 2 young (2048K), 2 survivors (2048K)
 Metaspace       used 111353K, capacity 114011K, committed 114252K, reserved 1148928K
  class space    used 14293K, capacity 15295K, committed 15308K, reserved 1048576K
}
Event: 38.853 GC heap before
{Heap before GC invocations=47 (full 0):
 garbage-first heap   total 458752K, used 335900K [0x0000000080000000, 0x0000000100000000)
  region size 1024K, 22 young (22528K), 2 survivors (2048K)
 Metaspace       used 111444K, capacity 114077K, committed 114252K, reserved 1148928K
  class space    used 14295K, capacity 15295K, committed 15308K, reserved 1048576K
}
Event: 38.890 GC heap after
{Heap after GC invocations=48 (full 0):
 garbage-first heap   total 458752K, used 274399K [0x0000000080000000, 0x0000000100000000)
  region size 1024K, 1 young (1024K), 1 survivors (1024K)
 Metaspace       used 111444K, capacity 114077K, committed 114252K, reserved 1148928K
  class space    used 14295K, capacity 15295K, committed 15308K, reserved 1048576K
}
Event: 65.338 GC heap before
{Heap before GC invocations=48 (full 0):
 garbage-first heap   total 458752K, used 359391K [0x0000000080000000, 0x0000000100000000)
  region size 1024K, 85 young (87040K), 1 survivors (1024K)
 Metaspace       used 117655K, capacity 120497K, committed 120652K, reserved 1155072K
  class space    used 14915K, capacity 15959K, committed 16076K, reserved 1048576K
}
Event: 65.361 GC heap after
{Heap after GC invocations=49 (full 0):
 garbage-first heap   total 524288K, used 278186K [0x0000000080000000, 0x0000000100000000)
  region size 1024K, 5 young (5120K), 5 survivors (5120K)
 Metaspace       used 117655K, capacity 120497K, committed 120652K, reserved 1155072K
  class space    used 14915K, capacity 15959K, committed 16076K, reserved 1048576K
}

