# JRE version: OpenJDK Runtime Environment (11.0.12+7) (build 11.0.12+7-b1504.28-7817840)
# Java VM: OpenJDK 64-Bit Server VM (11.0.12+7-b1504.28-7817840, mixed mode, tiered, compressed oops, g1 gc, windows-amd64)
Heap:
 garbage-first heap   total 444416K, used 245423K [0x0000000080000000, 0x0000000100000000)
  region size 1024K, 2 young (2048K), 2 survivors (2048K)
 Metaspace       used 114323K, capacity 116794K, committed 116976K, reserved 1150976K
  class space    used 14168K, capacity 15118K, committed 15168K, reserved 1048576K
GC Heap History (20 events):
Event: 29.278 GC heap after
{Heap after GC invocations=34 (full 0):
 garbage-first heap   total 227328K, used 127505K [0x0000000080000000, 0x0000000100000000)
  region size 1024K, 7 young (7168K), 7 survivors (7168K)
 Metaspace       used 106613K, capacity 108931K, committed 109296K, reserved 1144832K
  class space    used 13408K, capacity 14282K, committed 14400K, reserved 1048576K
}
Event: 29.949 GC heap before
{Heap before GC invocations=35 (full 0):
 garbage-first heap   total 227328K, used 145937K [0x0000000080000000, 0x0000000100000000)
  region size 1024K, 26 young (26624K), 7 survivors (7168K)
 Metaspace       used 108021K, capacity 110384K, committed 110704K, reserved 1144832K
  class space    used 13499K, capacity 14419K, committed 14528K, reserved 1048576K
}
Event: 29.965 GC heap after
{Heap after GC invocations=36 (full 0):
 garbage-first heap   total 273408K, used 130885K [0x0000000080000000, 0x0000000100000000)
  region size 1024K, 3 young (3072K), 3 survivors (3072K)
 Metaspace       used 108021K, capacity 110384K, committed 110704K, reserved 1144832K
  class space    used 13499K, capacity 14419K, committed 14528K, reserved 1048576K
}
Event: 30.973 GC heap before
{Heap before GC invocations=37 (full 0):
 garbage-first heap   total 273408K, used 195397K [0x0000000080000000, 0x0000000100000000)
  region size 1024K, 65 young (66560K), 3 survivors (3072K)
 Metaspace       used 110491K, capacity 112907K, committed 113136K, reserved 1148928K
  class space    used 13696K, capacity 14618K, committed 14656K, reserved 1048576K
}
Event: 31.039 GC heap after
{Heap after GC invocations=38 (full 0):
 garbage-first heap   total 273408K, used 173773K [0x0000000080000000, 0x0000000100000000)
  region size 1024K, 9 young (9216K), 9 survivors (9216K)
 Metaspace       used 110491K, capacity 112907K, committed 113136K, reserved 1148928K
  class space    used 13696K, capacity 14618K, committed 14656K, reserved 1048576K
}
Event: 31.589 GC heap before
{Heap before GC invocations=38 (full 0):
 garbage-first heap   total 273408K, used 195277K [0x0000000080000000, 0x0000000100000000)
  region size 1024K, 31 young (31744K), 9 survivors (9216K)
 Metaspace       used 112392K, capacity 114813K, committed 114928K, reserved 1148928K
  class space    used 13972K, capacity 14911K, committed 14912K, reserved 1048576K
}
Event: 31.616 GC heap after
{Heap after GC invocations=39 (full 0):
 garbage-first heap   total 273408K, used 179200K [0x0000000080000000, 0x0000000100000000)
  region size 1024K, 5 young (5120K), 5 survivors (5120K)
 Metaspace       used 112392K, capacity 114813K, committed 114928K, reserved 1148928K
  class space    used 13972K, capacity 14911K, committed 14912K, reserved 1048576K
}
Event: 32.827 GC heap before
{Heap before GC invocations=40 (full 0):
 garbage-first heap   total 273408K, used 211968K [0x0000000080000000, 0x0000000100000000)
  region size 1024K, 35 young (35840K), 5 survivors (5120K)
 Metaspace       used 114158K, capacity 116535K, committed 116720K, reserved 1150976K
  class space    used 14166K, capacity 15118K, committed 15168K, reserved 1048576K
}
Event: 32.848 GC heap after
{Heap after GC invocations=41 (full 0):
 garbage-first heap   total 273408K, used 192000K [0x0000000080000000, 0x0000000100000000)
  region size 1024K, 5 young (5120K), 5 survivors (5120K)
 Metaspace       used 114158K, capacity 116535K, committed 116720K, reserved 1150976K
  class space    used 14166K, capacity 15118K, committed 15168K, reserved 1048576K
}
Event: 33.077 GC heap before
{Heap before GC invocations=41 (full 0):
 garbage-first heap   total 273408K, used 217600K [0x0000000080000000, 0x0000000100000000)
  region size 1024K, 30 young (30720K), 5 survivors (5120K)
 Metaspace       used 114158K, capacity 116535K, committed 116720K, reserved 1150976K
  class space    used 14166K, capacity 15118K, committed 15168K, reserved 1048576K
}
Event: 33.107 GC heap after
{Heap after GC invocations=42 (full 0):
 garbage-first heap   total 273408K, used 214528K [0x0000000080000000, 0x0000000100000000)
  region size 1024K, 4 young (4096K), 4 survivors (4096K)
 Metaspace       used 114158K, capacity 116535K, committed 116720K, reserved 1150976K
  class space    used 14166K, capacity 15118K, committed 15168K, reserved 1048576K
}
Event: 33.143 GC heap before
{Heap before GC invocations=42 (full 0):
 garbage-first heap   total 273408K, used 226816K [0x0000000080000000, 0x0000000100000000)
  region size 1024K, 16 young (16384K), 4 survivors (4096K)
 Metaspace       used 114158K, capacity 116535K, committed 116720K, reserved 1150976K
  class space    used 14166K, capacity 15118K, committed 15168K, reserved 1048576K
}
Event: 33.165 GC heap after
{Heap after GC invocations=43 (full 0):
 garbage-first heap   total 350208K, used 224256K [0x0000000080000000, 0x0000000100000000)
  region size 1024K, 2 young (2048K), 2 survivors (2048K)
 Metaspace       used 114158K, capacity 116535K, committed 116720K, reserved 1150976K
  class space    used 14166K, capacity 15118K, committed 15168K, reserved 1048576K
}
Event: 34.729 GC heap before
{Heap before GC invocations=44 (full 0):
 garbage-first heap   total 350208K, used 258048K [0x0000000080000000, 0x0000000100000000)
  region size 1024K, 35 young (35840K), 2 survivors (2048K)
 Metaspace       used 114216K, capacity 116727K, committed 116976K, reserved 1150976K
  class space    used 14166K, capacity 15118K, committed 15168K, reserved 1048576K
}
Event: 34.756 GC heap after
{Heap after GC invocations=45 (full 0):
 garbage-first heap   total 350208K, used 240128K [0x0000000080000000, 0x0000000100000000)
  region size 1024K, 5 young (5120K), 5 survivors (5120K)
 Metaspace       used 114216K, capacity 116727K, committed 116976K, reserved 1150976K
  class space    used 14166K, capacity 15118K, committed 15168K, reserved 1048576K
}
Event: 34.876 GC heap before
{Heap before GC invocations=45 (full 0):
 garbage-first heap   total 350208K, used 269824K [0x0000000080000000, 0x0000000100000000)
  region size 1024K, 34 young (34816K), 5 survivors (5120K)
 Metaspace       used 114216K, capacity 116727K, committed 116976K, reserved 1150976K
  class space    used 14166K, capacity 15118K, committed 15168K, reserved 1048576K
}
Event: 34.914 GC heap after
{Heap after GC invocations=46 (full 0):
 garbage-first heap   total 350208K, used 270336K [0x0000000080000000, 0x0000000100000000)
  region size 1024K, 5 young (5120K), 5 survivors (5120K)
 Metaspace       used 114216K, capacity 116727K, committed 116976K, reserved 1150976K
  class space    used 14166K, capacity 15118K, committed 15168K, reserved 1048576K
}
Event: 35.077 GC heap before
{Heap before GC invocations=46 (full 0):
 garbage-first heap   total 350208K, used 285696K [0x0000000080000000, 0x0000000100000000)
  region size 1024K, 20 young (20480K), 5 survivors (5120K)
 Metaspace       used 114216K, capacity 116727K, committed 116976K, reserved 1150976K
  class space    used 14166K, capacity 15118K, committed 15168K, reserved 1048576K
}
Event: 35.117 GC heap after
{Heap after GC invocations=47 (full 0):
 garbage-first heap   total 350208K, used 284160K [0x0000000080000000, 0x0000000100000000)
  region size 1024K, 3 young (3072K), 3 survivors (3072K)
 Metaspace       used 114216K, capacity 116727K, committed 116976K, reserved 1150976K
  class space    used 14166K, capacity 15118K, committed 15168K, reserved 1048576K
}
Event: 36.009 GC heap before
{Heap before GC invocations=47 (full 0):
 garbage-first heap   total 350208K, used 257536K [0x0000000080000000, 0x0000000100000000)
  region size 1024K, 17 young (17408K), 3 survivors (3072K)
 Metaspace       used 114323K, capacity 116794K, committed 116976K, reserved 1150976K
  class space    used 14168K, capacity 15118K, committed 15168K, reserved 1048576K
}

